[2024-06-08T23:27:45.882Z] [INFO] [ApiClient8056542] : "Authentication Type : http_signature"
[2024-06-08T23:27:45.883Z] [INFO] [ApiClient8056542] : "Request Type : POST"
[2024-06-08T23:27:45.887Z] [INFO] [ApiClient8056542] : "signatureHeader : keyid=\"08c94330-f618-42a3-b09d-e1e43be5efda\", algorithm=\"HmacSHA256\", headers=\"host date request-target digest v-c-merchant-id\", signature=\"kkp/dqdAtHLZtTUNX//FEkqgBl6b0V3up4zO1A25HaQ=\""
[2024-06-08T23:27:45.887Z] [INFO] [ApiClient8056542] : "digest : SHA-256=DxNaW3ReIyB5i99BLlhwA2dB67JQIEEqcr9zBgtHzng="
[2024-06-08T23:27:45.829Z] [INFO] [MerchantConfig753381933] : "************************ LOGGING START ************************"
[2024-06-08T23:27:45.888Z] [INFO] [ApiClient8056542] : "v-c-merchant-id : testrest"
[2024-06-08T23:27:45.888Z] [INFO] [ApiClient8056542] : "date : Sat, 08 Jun 2024 23:27:45 GMT"
[2024-06-08T23:27:45.888Z] [INFO] [ApiClient8056542] : "host : apitest.cybersource.com"
[2024-06-08T23:27:45.889Z] [INFO] [ApiClient8056542] : "signature : keyid=\"08c94330-f618-42a3-b09d-e1e43be5efda\", algorithm=\"HmacSHA256\", headers=\"host date request-target digest v-c-merchant-id\", signature=\"kkp/dqdAtHLZtTUNX//FEkqgBl6b0V3up4zO1A25HaQ=\""
[2024-06-08T23:27:45.889Z] [INFO] [ApiClient8056542] : "User-Agent : Mozilla/5.0"
[2024-06-08T23:27:45.889Z] [INFO] [ApiClient8056542] : "************************  LOGGING END  ************************"
[2024-06-08T23:31:25.745Z] [INFO] [MerchantConfig103680394] : "************************ LOGGING START ************************"
[2024-06-08T23:31:29.896Z] [INFO] [MerchantConfig267623461] : "************************ LOGGING START ************************"
[2024-06-09T00:01:04.660Z] [INFO] [MerchantConfig689774090] : "************************ LOGGING START ************************"
[2024-06-09T00:01:04.688Z] [INFO] [ApiClient791160978] : "Authentication Type : http_signature"
[2024-06-09T00:01:04.688Z] [INFO] [ApiClient791160978] : "Request Type : POST"
[2024-06-09T00:01:04.706Z] [INFO] [ApiClient791160978] : "signatureHeader : keyid=\"08c94330-f618-42a3-b09d-e1e43be5efda\", algorithm=\"HmacSHA256\", headers=\"host date request-target digest v-c-merchant-id\", signature=\"CI7MSXREf7Mezs5sxefq3/PKF93gtiRaRrIDJbOzqhM=\""
[2024-06-09T00:01:04.707Z] [INFO] [ApiClient791160978] : "digest : SHA-256=DxNaW3ReIyB5i99BLlhwA2dB67JQIEEqcr9zBgtHzng="
[2024-06-09T00:01:04.707Z] [INFO] [ApiClient791160978] : "v-c-merchant-id : testrest"
[2024-06-09T00:01:04.707Z] [INFO] [ApiClient791160978] : "date : Sun, 09 Jun 2024 00:01:04 GMT"
[2024-06-09T00:01:04.708Z] [INFO] [ApiClient791160978] : "host : apitest.cybersource.com"
[2024-06-09T00:01:04.708Z] [INFO] [ApiClient791160978] : "signature : keyid=\"08c94330-f618-42a3-b09d-e1e43be5efda\", algorithm=\"HmacSHA256\", headers=\"host date request-target digest v-c-merchant-id\", signature=\"CI7MSXREf7Mezs5sxefq3/PKF93gtiRaRrIDJbOzqhM=\""
[2024-06-09T00:01:04.708Z] [INFO] [ApiClient791160978] : "User-Agent : Mozilla/5.0"
[2024-06-09T00:01:04.709Z] [INFO] [ApiClient791160978] : "************************  LOGGING END  ************************"
[2024-06-09T00:01:06.921Z] [INFO] [MerchantConfig840633489] : "************************ LOGGING START ************************"
[2024-06-09T00:01:06.924Z] [INFO] [ApiClient596510036] : "Authentication Type : http_signature"
[2024-06-09T00:01:06.925Z] [INFO] [ApiClient596510036] : "Request Type : POST"
[2024-06-09T00:01:06.925Z] [INFO] [ApiClient596510036] : "signatureHeader : keyid=\"08c94330-f618-42a3-b09d-e1e43be5efda\", algorithm=\"HmacSHA256\", headers=\"host date request-target digest v-c-merchant-id\", signature=\"V7rjLe3QKC9cyVAyzDyqGjQVclgkB56L20oU56Xba+A=\""
[2024-06-09T00:01:06.926Z] [INFO] [ApiClient596510036] : "digest : SHA-256=IYHahPc6YJxXqZ9CVJJk5aBRZHd+P9Msyr91yntKWc8="
[2024-06-09T00:01:06.926Z] [INFO] [ApiClient596510036] : "v-c-merchant-id : testrest"
[2024-06-09T00:01:06.929Z] [INFO] [ApiClient596510036] : "date : Sun, 09 Jun 2024 00:01:06 GMT"
[2024-06-09T00:01:06.934Z] [INFO] [ApiClient596510036] : "host : apitest.cybersource.com"
[2024-06-09T00:01:06.936Z] [INFO] [ApiClient596510036] : "signature : keyid=\"08c94330-f618-42a3-b09d-e1e43be5efda\", algorithm=\"HmacSHA256\", headers=\"host date request-target digest v-c-merchant-id\", signature=\"V7rjLe3QKC9cyVAyzDyqGjQVclgkB56L20oU56Xba+A=\""
[2024-06-09T00:01:06.937Z] [INFO] [ApiClient596510036] : "User-Agent : Mozilla/5.0"
[2024-06-09T00:01:06.937Z] [INFO] [ApiClient596510036] : "************************  LOGGING END  ************************"
[2024-06-09T00:30:11.620Z] [INFO] [MerchantConfig627823111] : "************************ LOGGING START ************************"
[2024-06-09T00:30:11.641Z] [INFO] [ApiClient428283609] : "Authentication Type : http_signature"
[2024-06-09T00:30:11.641Z] [INFO] [ApiClient428283609] : "Request Type : POST"
[2024-06-09T00:30:11.643Z] [INFO] [ApiClient428283609] : "signatureHeader : keyid=\"08c94330-f618-42a3-b09d-e1e43be5efda\", algorithm=\"HmacSHA256\", headers=\"host date request-target digest v-c-merchant-id\", signature=\"YHbgcrA5KF6CL9D5mTgMVgnMZuKmyg+w7X7AoQQMx6U=\""
[2024-06-09T00:30:11.644Z] [INFO] [ApiClient428283609] : "digest : SHA-256=DxNaW3ReIyB5i99BLlhwA2dB67JQIEEqcr9zBgtHzng="
[2024-06-09T00:30:11.644Z] [INFO] [ApiClient428283609] : "v-c-merchant-id : testrest"
[2024-06-09T00:30:11.644Z] [INFO] [ApiClient428283609] : "date : Sun, 09 Jun 2024 00:30:11 GMT"
[2024-06-09T00:30:11.645Z] [INFO] [ApiClient428283609] : "host : apitest.cybersource.com"
[2024-06-09T00:30:11.646Z] [INFO] [ApiClient428283609] : "signature : keyid=\"08c94330-f618-42a3-b09d-e1e43be5efda\", algorithm=\"HmacSHA256\", headers=\"host date request-target digest v-c-merchant-id\", signature=\"YHbgcrA5KF6CL9D5mTgMVgnMZuKmyg+w7X7AoQQMx6U=\""
[2024-06-09T00:30:11.650Z] [INFO] [ApiClient428283609] : "User-Agent : Mozilla/5.0"
[2024-06-09T00:30:11.659Z] [INFO] [ApiClient428283609] : "************************  LOGGING END  ************************"
[2024-06-09T00:35:24.726Z] [INFO] [MerchantConfig665585480] : "************************ LOGGING START ************************"
[2024-06-09T00:35:24.741Z] [INFO] [ApiClient178899956] : "Authentication Type : http_signature"
[2024-06-09T00:35:24.741Z] [INFO] [ApiClient178899956] : "Request Type : POST"
[2024-06-09T00:35:24.742Z] [INFO] [ApiClient178899956] : "signatureHeader : keyid=\"08c94330-f618-42a3-b09d-e1e43be5efda\", algorithm=\"HmacSHA256\", headers=\"host date request-target digest v-c-merchant-id\", signature=\"QaEFgFUo2j+BcTcjVqnpaTQ5bFg9NciwqExD51belj8=\""
[2024-06-09T00:35:24.742Z] [INFO] [ApiClient178899956] : "digest : SHA-256=IYHahPc6YJxXqZ9CVJJk5aBRZHd+P9Msyr91yntKWc8="
[2024-06-09T00:35:24.742Z] [INFO] [ApiClient178899956] : "v-c-merchant-id : testrest"
[2024-06-09T00:35:24.743Z] [INFO] [ApiClient178899956] : "date : Sun, 09 Jun 2024 00:35:24 GMT"
[2024-06-09T00:35:24.743Z] [INFO] [ApiClient178899956] : "host : apitest.cybersource.com"
[2024-06-09T00:35:24.743Z] [INFO] [ApiClient178899956] : "signature : keyid=\"08c94330-f618-42a3-b09d-e1e43be5efda\", algorithm=\"HmacSHA256\", headers=\"host date request-target digest v-c-merchant-id\", signature=\"QaEFgFUo2j+BcTcjVqnpaTQ5bFg9NciwqExD51belj8=\""
[2024-06-09T00:35:24.744Z] [INFO] [ApiClient178899956] : "User-Agent : Mozilla/5.0"
[2024-06-09T00:35:24.744Z] [INFO] [ApiClient178899956] : "************************  LOGGING END  ************************"
[2024-06-09T05:55:28.148Z] [INFO] [MerchantConfig60311594] : "************************ LOGGING START ************************"
[2024-06-09T05:55:28.162Z] [INFO] [ApiClient919386134] : "Authentication Type : http_signature"
[2024-06-09T05:55:28.162Z] [INFO] [ApiClient919386134] : "Request Type : POST"
[2024-06-09T05:55:28.169Z] [INFO] [ApiClient919386134] : "signatureHeader : keyid=\"156f2312-0132-42ec-91da-5681bb35450c\", algorithm=\"HmacSHA256\", headers=\"host date request-target digest v-c-merchant-id\", signature=\"YSG3/aVtDUs1wIhiV3rd6QhsnyTSDRPuPDqtnI2JPoo=\""
[2024-06-09T05:55:28.169Z] [INFO] [ApiClient919386134] : "digest : SHA-256=DxNaW3ReIyB5i99BLlhwA2dB67JQIEEqcr9zBgtHzng="
[2024-06-09T05:55:28.170Z] [INFO] [ApiClient919386134] : "v-c-merchant-id : joseph05_1717580099"
[2024-06-09T05:55:28.170Z] [INFO] [ApiClient919386134] : "date : Sun, 09 Jun 2024 05:55:28 GMT"
[2024-06-09T05:55:28.170Z] [INFO] [ApiClient919386134] : "host : apitest.cybersource.com"
[2024-06-09T05:55:28.171Z] [INFO] [ApiClient919386134] : "signature : keyid=\"156f2312-0132-42ec-91da-5681bb35450c\", algorithm=\"HmacSHA256\", headers=\"host date request-target digest v-c-merchant-id\", signature=\"YSG3/aVtDUs1wIhiV3rd6QhsnyTSDRPuPDqtnI2JPoo=\""
[2024-06-09T05:55:28.171Z] [INFO] [ApiClient919386134] : "User-Agent : Mozilla/5.0"
[2024-06-09T05:55:28.171Z] [INFO] [ApiClient919386134] : "************************  LOGGING END  ************************"
[2024-06-09T06:36:54.342Z] [INFO] [MerchantConfig725070404] : "************************ LOGGING START ************************"
[2024-06-09T06:36:54.361Z] [INFO] [ApiClient702530458] : "Authentication Type : http_signature"
[2024-06-09T06:36:54.362Z] [INFO] [ApiClient702530458] : "Request Type : POST"
[2024-06-09T06:36:54.367Z] [INFO] [ApiClient702530458] : "signatureHeader : keyid=\"08c94330-f618-42a3-b09d-e1e43be5efda\", algorithm=\"HmacSHA256\", headers=\"host date request-target digest v-c-merchant-id\", signature=\"4IPsoTDrX4rcHCHf28vpamTWog3X26JB05YLk9OodLk=\""
[2024-06-09T06:36:54.368Z] [INFO] [ApiClient702530458] : "digest : SHA-256=DxNaW3ReIyB5i99BLlhwA2dB67JQIEEqcr9zBgtHzng="
[2024-06-09T06:36:54.368Z] [INFO] [ApiClient702530458] : "v-c-merchant-id : testrest"
[2024-06-09T06:36:54.369Z] [INFO] [ApiClient702530458] : "date : Sun, 09 Jun 2024 06:36:54 GMT"
[2024-06-09T06:36:54.370Z] [INFO] [ApiClient702530458] : "host : apitest.cybersource.com"
[2024-06-09T06:36:54.371Z] [INFO] [ApiClient702530458] : "signature : keyid=\"08c94330-f618-42a3-b09d-e1e43be5efda\", algorithm=\"HmacSHA256\", headers=\"host date request-target digest v-c-merchant-id\", signature=\"4IPsoTDrX4rcHCHf28vpamTWog3X26JB05YLk9OodLk=\""
[2024-06-09T06:36:54.372Z] [INFO] [ApiClient702530458] : "User-Agent : Mozilla/5.0"
[2024-06-09T06:36:54.374Z] [INFO] [ApiClient702530458] : "************************  LOGGING END  ************************"
