[2024-06-08T12:32:54.619Z] [INFO] [MerchantConfig815903918] : "************************ LOGGING START ************************"
[2024-06-08T12:32:54.625Z] [INFO] [ApiClient14636136] : "Authentication Type : http_signature"
[2024-06-08T12:32:54.626Z] [INFO] [ApiClient14636136] : "Request Type : POST"
[2024-06-08T12:32:54.627Z] [INFO] [ApiClient14636136] : "signatureHeader : keyid=\"08c94330-f618-42a3-b09d-e1e43be5efda\", algorithm=\"HmacSHA256\", headers=\"host date request-target digest v-c-merchant-id\", signature=\"CovR8DnVCABXHzeHwrpjkoiNVLbR7zstGWfFyMrzgQM=\""
[2024-06-08T12:32:54.628Z] [INFO] [ApiClient14636136] : "digest : SHA-256=Pc2/4z8usL/hskCClFdaSUXjGo4vB1dB97qtQ51Hyck="
[2024-06-08T12:32:54.628Z] [INFO] [ApiClient14636136] : "v-c-merchant-id : testrest"
[2024-06-08T12:32:54.628Z] [INFO] [ApiClient14636136] : "date : Sat, 08 Jun 2024 12:32:54 GMT"
[2024-06-08T12:32:54.628Z] [INFO] [ApiClient14636136] : "host : apitest.cybersource.com"
[2024-06-08T12:32:54.628Z] [INFO] [ApiClient14636136] : "signature : keyid=\"08c94330-f618-42a3-b09d-e1e43be5efda\", algorithm=\"HmacSHA256\", headers=\"host date request-target digest v-c-merchant-id\", signature=\"CovR8DnVCABXHzeHwrpjkoiNVLbR7zstGWfFyMrzgQM=\""
[2024-06-08T12:32:54.628Z] [INFO] [ApiClient14636136] : "User-Agent : Mozilla/5.0"
[2024-06-08T12:32:54.629Z] [INFO] [ApiClient14636136] : "************************  LOGGING END  ************************"
[2024-06-08T14:48:49.784Z] [INFO] [MerchantConfig438192272] : "************************ LOGGING START ************************"
[2024-06-08T14:48:49.796Z] [INFO] [ApiClient791783402] : "Authentication Type : http_signature"
[2024-06-08T14:48:49.797Z] [INFO] [ApiClient791783402] : "Request Type : POST"
[2024-06-08T14:48:49.806Z] [INFO] [ApiClient791783402] : "signatureHeader : keyid=\"08c94330-f618-42a3-b09d-e1e43be5efda\", algorithm=\"HmacSHA256\", headers=\"host date request-target digest v-c-merchant-id\", signature=\"FYM9HYxT+T3gGnsrGU6X7/U8BrE98vnSORUQ5sojxqQ=\""
[2024-06-08T14:48:49.807Z] [INFO] [ApiClient791783402] : "digest : SHA-256=DxNaW3ReIyB5i99BLlhwA2dB67JQIEEqcr9zBgtHzng="
[2024-06-08T14:48:49.807Z] [INFO] [ApiClient791783402] : "v-c-merchant-id : testrest"
[2024-06-08T14:48:49.808Z] [INFO] [ApiClient791783402] : "date : Sat, 08 Jun 2024 14:48:49 GMT"
[2024-06-08T14:48:49.809Z] [INFO] [ApiClient791783402] : "host : apitest.cybersource.com"
[2024-06-08T14:48:49.809Z] [INFO] [ApiClient791783402] : "signature : keyid=\"08c94330-f618-42a3-b09d-e1e43be5efda\", algorithm=\"HmacSHA256\", headers=\"host date request-target digest v-c-merchant-id\", signature=\"FYM9HYxT+T3gGnsrGU6X7/U8BrE98vnSORUQ5sojxqQ=\""
[2024-06-08T14:48:49.810Z] [INFO] [ApiClient791783402] : "User-Agent : Mozilla/5.0"
[2024-06-08T14:48:49.810Z] [INFO] [ApiClient791783402] : "************************  LOGGING END  ************************"
[2024-06-08T15:18:45.165Z] [INFO] [MerchantConfig225964284] : "************************ LOGGING START ************************"
[2024-06-08T15:18:45.176Z] [INFO] [ApiClient414761589] : "Authentication Type : http_signature"
[2024-06-08T15:18:45.177Z] [INFO] [ApiClient414761589] : "Request Type : POST"
[2024-06-08T15:18:45.180Z] [INFO] [ApiClient414761589] : "signatureHeader : keyid=\"08c94330-f618-42a3-b09d-e1e43be5efda\", algorithm=\"HmacSHA256\", headers=\"host date request-target digest v-c-merchant-id\", signature=\"Misx02kdbN8mBBPqRLooyfYiOwmswQTNa8AMLBdFraQ=\""
[2024-06-08T15:18:45.181Z] [INFO] [ApiClient414761589] : "digest : SHA-256=DxNaW3ReIyB5i99BLlhwA2dB67JQIEEqcr9zBgtHzng="
[2024-06-08T15:18:45.182Z] [INFO] [ApiClient414761589] : "v-c-merchant-id : testrest"
[2024-06-08T15:18:45.182Z] [INFO] [ApiClient414761589] : "date : Sat, 08 Jun 2024 15:18:45 GMT"
[2024-06-08T15:18:45.183Z] [INFO] [ApiClient414761589] : "host : apitest.cybersource.com"
[2024-06-08T15:18:45.183Z] [INFO] [ApiClient414761589] : "signature : keyid=\"08c94330-f618-42a3-b09d-e1e43be5efda\", algorithm=\"HmacSHA256\", headers=\"host date request-target digest v-c-merchant-id\", signature=\"Misx02kdbN8mBBPqRLooyfYiOwmswQTNa8AMLBdFraQ=\""
[2024-06-08T15:18:45.184Z] [INFO] [ApiClient414761589] : "User-Agent : Mozilla/5.0"
[2024-06-08T15:18:45.184Z] [INFO] [ApiClient414761589] : "************************  LOGGING END  ************************"
[2024-06-08T15:21:29.708Z] [INFO] [MerchantConfig394886103] : "************************ LOGGING START ************************"
[2024-06-08T15:23:27.284Z] [INFO] [MerchantConfig470921857] : "************************ LOGGING START ************************"
[2024-06-08T15:25:51.084Z] [INFO] [MerchantConfig144564191] : "************************ LOGGING START ************************"
