[2024-06-10T01:51:13.260Z] [INFO] [MerchantConfig170191173] : "************************ LOGGING START ************************"
[2024-06-10T01:51:13.276Z] [INFO] [ApiClient509809756] : "Authentication Type : http_signature"
[2024-06-10T01:51:13.287Z] [INFO] [ApiClient509809756] : "Request Type : POST"
[2024-06-10T01:51:13.292Z] [INFO] [ApiClient509809756] : "signatureHeader : keyid=\"08c94330-f618-42a3-b09d-e1e43be5efda\", algorithm=\"HmacSHA256\", headers=\"host date request-target digest v-c-merchant-id\", signature=\"95DkEZLc+PjBGORNFPHQjDZKkAufB5+Q+htIR99rAhk=\""
[2024-06-10T01:51:13.295Z] [INFO] [ApiClient509809756] : "digest : SHA-256=DxNaW3ReIyB5i99BLlhwA2dB67JQIEEqcr9zBgtHzng="
[2024-06-10T01:51:13.295Z] [INFO] [ApiClient509809756] : "v-c-merchant-id : testrest"
[2024-06-10T01:51:13.297Z] [INFO] [ApiClient509809756] : "date : Mon, 10 Jun 2024 01:51:13 GMT"
[2024-06-10T01:51:13.302Z] [INFO] [ApiClient509809756] : "host : apitest.cybersource.com"
[2024-06-10T01:51:13.307Z] [INFO] [ApiClient509809756] : "signature : keyid=\"08c94330-f618-42a3-b09d-e1e43be5efda\", algorithm=\"HmacSHA256\", headers=\"host date request-target digest v-c-merchant-id\", signature=\"95DkEZLc+PjBGORNFPHQjDZKkAufB5+Q+htIR99rAhk=\""
[2024-06-10T01:51:13.307Z] [INFO] [ApiClient509809756] : "User-Agent : Mozilla/5.0"
[2024-06-10T01:51:13.308Z] [INFO] [ApiClient509809756] : "************************  LOGGING END  ************************"
[2024-06-10T01:51:15.768Z] [INFO] [MerchantConfig471728475] : "************************ LOGGING START ************************"
[2024-06-10T01:51:15.770Z] [INFO] [ApiClient223847319] : "Authentication Type : http_signature"
[2024-06-10T01:51:15.770Z] [INFO] [ApiClient223847319] : "Request Type : POST"
[2024-06-10T01:51:15.774Z] [INFO] [ApiClient223847319] : "signatureHeader : keyid=\"08c94330-f618-42a3-b09d-e1e43be5efda\", algorithm=\"HmacSHA256\", headers=\"host date request-target digest v-c-merchant-id\", signature=\"Di3bpBiY1FNV3GoGojvP4lKzSCJlSSRlZpNjL9zXTNY=\""
[2024-06-10T01:51:15.777Z] [INFO] [ApiClient223847319] : "digest : SHA-256=IYHahPc6YJxXqZ9CVJJk5aBRZHd+P9Msyr91yntKWc8="
[2024-06-10T01:51:15.779Z] [INFO] [ApiClient223847319] : "v-c-merchant-id : testrest"
[2024-06-10T01:51:15.781Z] [INFO] [ApiClient223847319] : "date : Mon, 10 Jun 2024 01:51:15 GMT"
[2024-06-10T01:51:15.781Z] [INFO] [ApiClient223847319] : "host : apitest.cybersource.com"
[2024-06-10T01:51:15.782Z] [INFO] [ApiClient223847319] : "signature : keyid=\"08c94330-f618-42a3-b09d-e1e43be5efda\", algorithm=\"HmacSHA256\", headers=\"host date request-target digest v-c-merchant-id\", signature=\"Di3bpBiY1FNV3GoGojvP4lKzSCJlSSRlZpNjL9zXTNY=\""
[2024-06-10T01:51:15.782Z] [INFO] [ApiClient223847319] : "User-Agent : Mozilla/5.0"
[2024-06-10T01:51:15.782Z] [INFO] [ApiClient223847319] : "************************  LOGGING END  ************************"
[2024-06-10T01:54:16.456Z] [INFO] [MerchantConfig697458730] : "************************ LOGGING START ************************"
[2024-06-10T01:54:16.463Z] [INFO] [ApiClient160371780] : "Authentication Type : http_signature"
[2024-06-10T01:54:16.463Z] [INFO] [ApiClient160371780] : "Request Type : POST"
[2024-06-10T01:54:16.465Z] [INFO] [ApiClient160371780] : "signatureHeader : keyid=\"08c94330-f618-42a3-b09d-e1e43be5efda\", algorithm=\"HmacSHA256\", headers=\"host date request-target digest v-c-merchant-id\", signature=\"ETq0atXDF9NUP3U66YN/LtFwXBu3XhlNU+nHkJC8RQM=\""
[2024-06-10T01:54:16.466Z] [INFO] [ApiClient160371780] : "digest : SHA-256=ZjFrWhAMem4pwBvEt2BMG/NHjWR/VZDqweQ9YMwVhlg="
[2024-06-10T01:54:16.466Z] [INFO] [ApiClient160371780] : "v-c-merchant-id : testrest"
[2024-06-10T01:54:16.466Z] [INFO] [ApiClient160371780] : "date : Mon, 10 Jun 2024 01:54:16 GMT"
[2024-06-10T01:54:16.467Z] [INFO] [ApiClient160371780] : "host : apitest.cybersource.com"
[2024-06-10T01:54:16.467Z] [INFO] [ApiClient160371780] : "signature : keyid=\"08c94330-f618-42a3-b09d-e1e43be5efda\", algorithm=\"HmacSHA256\", headers=\"host date request-target digest v-c-merchant-id\", signature=\"ETq0atXDF9NUP3U66YN/LtFwXBu3XhlNU+nHkJC8RQM=\""
[2024-06-10T01:54:16.467Z] [INFO] [ApiClient160371780] : "User-Agent : Mozilla/5.0"
[2024-06-10T01:54:16.467Z] [INFO] [ApiClient160371780] : "************************  LOGGING END  ************************"
[2024-06-10T02:20:38.279Z] [INFO] [MerchantConfig436068054] : "************************ LOGGING START ************************"
[2024-06-10T02:22:10.916Z] [INFO] [MerchantConfig646610215] : "************************ LOGGING START ************************"
[2024-06-10T02:27:35.342Z] [INFO] [MerchantConfig175514423] : "************************ LOGGING START ************************"
[2024-06-10T02:29:57.845Z] [INFO] [MerchantConfig207772177] : "************************ LOGGING START ************************"
[2024-06-10T02:30:10.924Z] [INFO] [MerchantConfig974726722] : "************************ LOGGING START ************************"
[2024-06-10T02:30:57.380Z] [INFO] [MerchantConfig996929016] : "************************ LOGGING START ************************"
[2024-06-10T02:31:20.043Z] [INFO] [MerchantConfig69244688] : "************************ LOGGING START ************************"
[2024-06-10T02:39:49.501Z] [INFO] [MerchantConfig891685335] : "************************ LOGGING START ************************"
[2024-06-10T02:39:53.801Z] [INFO] [MerchantConfig18577414] : "************************ LOGGING START ************************"
[2024-06-10T02:45:21.836Z] [INFO] [MerchantConfig694356801] : "************************ LOGGING START ************************"
[2024-06-10T02:46:50.354Z] [INFO] [MerchantConfig295917843] : "************************ LOGGING START ************************"
[2024-06-10T02:48:36.366Z] [INFO] [MerchantConfig232716130] : "************************ LOGGING START ************************"
[2024-06-10T02:48:36.370Z] [INFO] [ApiClient253177921] : "Authentication Type : http_signature"
[2024-06-10T02:48:36.370Z] [INFO] [ApiClient253177921] : "Request Type : POST"
[2024-06-10T02:48:36.379Z] [INFO] [ApiClient253177921] : "signatureHeader : keyid=\"08c94330-f618-42a3-b09d-e1e43be5efda\", algorithm=\"HmacSHA256\", headers=\"host date request-target digest v-c-merchant-id\", signature=\"bOdQBdwCKzEcZsmzhz4DnLdFB5m8pBkqEhOGJLtQMJE=\""
[2024-06-10T02:48:36.381Z] [INFO] [ApiClient253177921] : "digest : SHA-256=ZAwGkIb30eRbZ2iuOMhuMBubmvvxpK8pRo3y7dztsG8="
[2024-06-10T02:48:36.382Z] [INFO] [ApiClient253177921] : "v-c-merchant-id : testrest"
[2024-06-10T02:48:36.382Z] [INFO] [ApiClient253177921] : "date : Mon, 10 Jun 2024 02:48:36 GMT"
[2024-06-10T02:48:36.383Z] [INFO] [ApiClient253177921] : "host : apitest.cybersource.com"
[2024-06-10T02:48:36.383Z] [INFO] [ApiClient253177921] : "signature : keyid=\"08c94330-f618-42a3-b09d-e1e43be5efda\", algorithm=\"HmacSHA256\", headers=\"host date request-target digest v-c-merchant-id\", signature=\"bOdQBdwCKzEcZsmzhz4DnLdFB5m8pBkqEhOGJLtQMJE=\""
[2024-06-10T02:48:36.384Z] [INFO] [ApiClient253177921] : "User-Agent : Mozilla/5.0"
[2024-06-10T02:48:36.384Z] [INFO] [ApiClient253177921] : "************************  LOGGING END  ************************"
[2024-06-10T02:48:43.485Z] [INFO] [MerchantConfig883299315] : "************************ LOGGING START ************************"
[2024-06-10T02:48:43.487Z] [INFO] [ApiClient831318212] : "Authentication Type : http_signature"
[2024-06-10T02:48:43.490Z] [INFO] [ApiClient831318212] : "Request Type : POST"
[2024-06-10T02:48:43.496Z] [INFO] [ApiClient831318212] : "signatureHeader : keyid=\"08c94330-f618-42a3-b09d-e1e43be5efda\", algorithm=\"HmacSHA256\", headers=\"host date request-target digest v-c-merchant-id\", signature=\"1Os50W/HN1hDiiHVtqq7eoMSiV9M3JsjkayCkg8rSeo=\""
[2024-06-10T02:48:43.497Z] [INFO] [ApiClient831318212] : "digest : SHA-256=ZAwGkIb30eRbZ2iuOMhuMBubmvvxpK8pRo3y7dztsG8="
[2024-06-10T02:48:43.497Z] [INFO] [ApiClient831318212] : "v-c-merchant-id : testrest"
[2024-06-10T02:48:43.498Z] [INFO] [ApiClient831318212] : "date : Mon, 10 Jun 2024 02:48:43 GMT"
[2024-06-10T02:48:43.498Z] [INFO] [ApiClient831318212] : "host : apitest.cybersource.com"
[2024-06-10T02:48:43.499Z] [INFO] [ApiClient831318212] : "signature : keyid=\"08c94330-f618-42a3-b09d-e1e43be5efda\", algorithm=\"HmacSHA256\", headers=\"host date request-target digest v-c-merchant-id\", signature=\"1Os50W/HN1hDiiHVtqq7eoMSiV9M3JsjkayCkg8rSeo=\""
[2024-06-10T02:48:43.499Z] [INFO] [ApiClient831318212] : "User-Agent : Mozilla/5.0"
[2024-06-10T02:48:43.499Z] [INFO] [ApiClient831318212] : "************************  LOGGING END  ************************"
[2024-06-10T02:51:28.129Z] [INFO] [MerchantConfig117101539] : "************************ LOGGING START ************************"
[2024-06-10T02:51:28.132Z] [INFO] [ApiClient575220670] : "Authentication Type : http_signature"
[2024-06-10T02:51:28.134Z] [INFO] [ApiClient575220670] : "Request Type : POST"
[2024-06-10T02:51:28.139Z] [INFO] [ApiClient575220670] : "signatureHeader : keyid=\"08c94330-f618-42a3-b09d-e1e43be5efda\", algorithm=\"HmacSHA256\", headers=\"host date request-target digest v-c-merchant-id\", signature=\"qerxYHC+afeuicsg6Ax/M3FKlGW19WP4lLWx33IYtB0=\""
[2024-06-10T02:51:28.141Z] [INFO] [ApiClient575220670] : "digest : SHA-256=ZjFrWhAMem4pwBvEt2BMG/NHjWR/VZDqweQ9YMwVhlg="
[2024-06-10T02:51:28.142Z] [INFO] [ApiClient575220670] : "v-c-merchant-id : testrest"
[2024-06-10T02:51:28.142Z] [INFO] [ApiClient575220670] : "date : Mon, 10 Jun 2024 02:51:28 GMT"
[2024-06-10T02:51:28.143Z] [INFO] [ApiClient575220670] : "host : apitest.cybersource.com"
[2024-06-10T02:51:28.143Z] [INFO] [ApiClient575220670] : "signature : keyid=\"08c94330-f618-42a3-b09d-e1e43be5efda\", algorithm=\"HmacSHA256\", headers=\"host date request-target digest v-c-merchant-id\", signature=\"qerxYHC+afeuicsg6Ax/M3FKlGW19WP4lLWx33IYtB0=\""
[2024-06-10T02:51:28.143Z] [INFO] [ApiClient575220670] : "User-Agent : Mozilla/5.0"
[2024-06-10T02:51:28.144Z] [INFO] [ApiClient575220670] : "************************  LOGGING END  ************************"
[2024-06-10T02:52:16.023Z] [INFO] [MerchantConfig617043543] : "************************ LOGGING START ************************"
[2024-06-10T02:52:16.025Z] [INFO] [ApiClient744276155] : "Authentication Type : http_signature"
[2024-06-10T02:52:16.025Z] [INFO] [ApiClient744276155] : "Request Type : POST"
[2024-06-10T02:52:16.025Z] [INFO] [ApiClient744276155] : "signatureHeader : keyid=\"08c94330-f618-42a3-b09d-e1e43be5efda\", algorithm=\"HmacSHA256\", headers=\"host date request-target digest v-c-merchant-id\", signature=\"Y6Eg5CydqrJ3we4KvHT9dYLP/nj5jPuTS9g/piwTe3s=\""
[2024-06-10T02:52:16.025Z] [INFO] [ApiClient744276155] : "digest : SHA-256=DxNaW3ReIyB5i99BLlhwA2dB67JQIEEqcr9zBgtHzng="
[2024-06-10T02:52:16.026Z] [INFO] [ApiClient744276155] : "v-c-merchant-id : testrest"
[2024-06-10T02:52:16.026Z] [INFO] [ApiClient744276155] : "date : Mon, 10 Jun 2024 02:52:16 GMT"
[2024-06-10T02:52:16.026Z] [INFO] [ApiClient744276155] : "host : apitest.cybersource.com"
[2024-06-10T02:52:16.026Z] [INFO] [ApiClient744276155] : "signature : keyid=\"08c94330-f618-42a3-b09d-e1e43be5efda\", algorithm=\"HmacSHA256\", headers=\"host date request-target digest v-c-merchant-id\", signature=\"Y6Eg5CydqrJ3we4KvHT9dYLP/nj5jPuTS9g/piwTe3s=\""
[2024-06-10T02:52:16.026Z] [INFO] [ApiClient744276155] : "User-Agent : Mozilla/5.0"
[2024-06-10T02:52:16.026Z] [INFO] [ApiClient744276155] : "************************  LOGGING END  ************************"
[2024-06-10T02:52:17.549Z] [INFO] [MerchantConfig36280986] : "************************ LOGGING START ************************"
[2024-06-10T02:52:17.551Z] [INFO] [ApiClient277863091] : "Authentication Type : http_signature"
[2024-06-10T02:52:17.551Z] [INFO] [ApiClient277863091] : "Request Type : POST"
[2024-06-10T02:52:17.551Z] [INFO] [ApiClient277863091] : "signatureHeader : keyid=\"08c94330-f618-42a3-b09d-e1e43be5efda\", algorithm=\"HmacSHA256\", headers=\"host date request-target digest v-c-merchant-id\", signature=\"zpoSHj69ZcgDVVBG0FD5lDNhOygLOjxsYnOjfJ+xn8Q=\""
[2024-06-10T02:52:17.552Z] [INFO] [ApiClient277863091] : "digest : SHA-256=IYHahPc6YJxXqZ9CVJJk5aBRZHd+P9Msyr91yntKWc8="
[2024-06-10T02:52:17.552Z] [INFO] [ApiClient277863091] : "v-c-merchant-id : testrest"
[2024-06-10T02:52:17.552Z] [INFO] [ApiClient277863091] : "date : Mon, 10 Jun 2024 02:52:17 GMT"
[2024-06-10T02:52:17.552Z] [INFO] [ApiClient277863091] : "host : apitest.cybersource.com"
[2024-06-10T02:52:17.552Z] [INFO] [ApiClient277863091] : "signature : keyid=\"08c94330-f618-42a3-b09d-e1e43be5efda\", algorithm=\"HmacSHA256\", headers=\"host date request-target digest v-c-merchant-id\", signature=\"zpoSHj69ZcgDVVBG0FD5lDNhOygLOjxsYnOjfJ+xn8Q=\""
[2024-06-10T02:52:17.552Z] [INFO] [ApiClient277863091] : "User-Agent : Mozilla/5.0"
[2024-06-10T02:52:17.552Z] [INFO] [ApiClient277863091] : "************************  LOGGING END  ************************"
[2024-06-10T02:52:54.925Z] [INFO] [MerchantConfig590845965] : "************************ LOGGING START ************************"
[2024-06-10T02:52:54.928Z] [INFO] [ApiClient838075062] : "Authentication Type : http_signature"
[2024-06-10T02:52:54.928Z] [INFO] [ApiClient838075062] : "Request Type : POST"
[2024-06-10T02:52:54.929Z] [INFO] [ApiClient838075062] : "signatureHeader : keyid=\"08c94330-f618-42a3-b09d-e1e43be5efda\", algorithm=\"HmacSHA256\", headers=\"host date request-target digest v-c-merchant-id\", signature=\"KotTPkFdthT76YeBTFef0Qv/kHBriv33Mwnmaf/o740=\""
[2024-06-10T02:52:54.929Z] [INFO] [ApiClient838075062] : "digest : SHA-256=ZAwGkIb30eRbZ2iuOMhuMBubmvvxpK8pRo3y7dztsG8="
[2024-06-10T02:52:54.929Z] [INFO] [ApiClient838075062] : "v-c-merchant-id : testrest"
[2024-06-10T02:52:54.929Z] [INFO] [ApiClient838075062] : "date : Mon, 10 Jun 2024 02:52:54 GMT"
[2024-06-10T02:52:54.930Z] [INFO] [ApiClient838075062] : "host : apitest.cybersource.com"
[2024-06-10T02:52:54.930Z] [INFO] [ApiClient838075062] : "signature : keyid=\"08c94330-f618-42a3-b09d-e1e43be5efda\", algorithm=\"HmacSHA256\", headers=\"host date request-target digest v-c-merchant-id\", signature=\"KotTPkFdthT76YeBTFef0Qv/kHBriv33Mwnmaf/o740=\""
[2024-06-10T02:52:54.930Z] [INFO] [ApiClient838075062] : "User-Agent : Mozilla/5.0"
[2024-06-10T02:52:54.930Z] [INFO] [ApiClient838075062] : "************************  LOGGING END  ************************"
